<?xml version="1.0" encoding="UTF-8"?>
<!-- Generated by org.testng.reporters.JUnitXMLReporter -->
<testsuite hostname="LAPTOP-OCH8DF6O" ignored="0" name="Contactcustomerexpert" tests="2" failures="0" timestamp="2021-12-07T13:11:40 IST" time="0.05" errors="0">
  <testcase name="@BeforeTest loginTo" time="0.001" classname="com.qa.testscript.Contactcustomerexpert">
    <failure type="java.lang.NullPointerException">
      <![CDATA[java.lang.NullPointerException
at com.qa.testscript.Contactcustomerexpert.loginTo(Contactcustomerexpert.java:23)
... Removed 24 stack frames]]>
    </failure>
  </testcase> <!-- @BeforeTest loginTo -->
  <testcase name="@BeforeClass setUp" time="-1.638862900242E9" classname="com.qa.testscript.TestBase">
    <skipped/>
  </testcase> <!-- @BeforeClass setUp -->
  <testcase name="@AfterClass tearDown" time="-1.638862900269E9" classname="com.qa.testscript.TestBase">
    <skipped/>
  </testcase> <!-- @AfterClass tearDown -->
  <testcase name="customerexpert" time="0.0" classname="com.qa.testscript.Contactcustomerexpert">
    <skipped/>
  </testcase> <!-- customerexpert -->
  <testcase name="customerexpert" time="0.0" classname="com.qa.testscript.Contactcustomerexpert">
    <skipped/>
  </testcase> <!-- customerexpert -->
</testsuite> <!-- Contactcustomerexpert -->
